{
  "RSpec": {
    "coverage": {
      "/Users/blanchma/play/codetailors/with_model/lib/with_model/dsl.rb": [
        1,
        null,
        1,
        1,
        1,
        null,
        1,
        21,
        21,
        21,
        21,
        21,
        null,
        null,
        1,
        9,
        9,
        null,
        null,
        1,
        9,
        null,
        null,
        1,
        21,
        21,
        21,
        null,
        21,
        null,
        21,
        null,
        21,
        78,
        null,
        78,
        78,
        null,
        78,
        78,
        78,
        null,
        78,
        null,
        null,
        21,
        78,
        78,
        null,
        78,
        1,
        null,
        77,
        null,
        null,
        78,
        78,
        null,
        null,
        null,
        null,
        null,
        null,
        null
      ],
      "/Users/blanchma/play/codetailors/with_model/spec/readme_spec.rb": [
        1,
        null,
        1,
        null,
        1,
        null,
        1,
        5,
        5,
        null,
        null,
        null,
        1,
        5,
        5,
        5,
        null,
        5,
        1,
        null,
        null,
        5,
        1,
        null,
        null,
        null,
        null,
        null,
        1,
        1,
        5,
        5,
        5,
        null,
        null,
        1,
        5,
        null,
        null,
        null,
        1,
        1,
        null,
        null,
        1,
        1,
        null,
        null,
        1,
        1,
        null,
        null,
        1,
        1,
        null,
        null,
        1,
        1,
        1,
        1,
        1,
        1,
        1,
        1,
        1,
        null,
        null,
        null,
        1,
        1,
        1,
        null,
        null,
        null,
        1,
        1,
        1,
        1,
        1,
        null,
        null,
        null,
        1,
        1,
        null,
        null
      ],
      "/Users/blanchma/play/codetailors/with_model/spec/with_model_spec.rb": [
        1,
        null,
        1,
        1,
        null,
        1,
        1,
        1,
        13,
        13,
        13,
        null,
        null,
        1,
        13,
        1,
        null,
        null,
        null,
        null,
        1,
        13,
        null,
        null,
        1,
        1,
        null,
        1,
        null,
        1,
        1,
        1,
        null,
        1,
        null,
        1,
        1,
        null,
        null,
        null,
        1,
        1,
        9,
        1,
        null,
        null,
        null,
        1,
        1,
        null,
        null,
        1,
        1,
        null,
        null,
        1,
        1,
        1,
        null,
        null,
        null,
        1,
        1,
        null,
        null,
        null,
        1,
        1,
        1,
        1,
        null,
        null,
        null,
        1,
        null,
        1,
        null,
        1,
        1,
        null,
        1,
        1,
        null,
        null,
        1,
        1,
        null,
        null,
        null,
        1,
        1,
        1,
        1,
        null,
        null,
        null,
        1,
        1,
        null,
        1,
        1,
        2,
        null,
        null,
        null,
        1,
        1,
        null,
        1,
        1,
        1,
        null,
        null,
        null,
        1,
        1,
        null,
        1,
        1,
        null,
        null,
        1,
        1,
        1,
        null,
        null,
        null,
        1,
        1,
        null,
        null,
        null,
        1,
        1,
        1,
        1,
        null,
        null,
        null,
        2,
        null,
        1,
        2,
        1,
        null,
        null,
        null,
        1,
        3,
        null,
        1,
        1,
        2,
        4,
        null,
        null,
        null,
        null,
        1,
        1,
        2,
        2,
        null,
        null,
        null,
        1,
        1,
        1,
        null,
        null,
        1,
        1,
        1,
        null,
        null,
        null,
        1,
        0,
        0,
        0,
        0,
        null,
        null,
        null,
        null,
        1,
        1,
        1,
        1,
        1,
        null,
        null,
        null,
        1,
        1,
        null,
        null,
        null,
        1,
        1,
        null,
        1,
        1,
        1,
        1,
        1,
        1,
        null,
        null,
        null,
        1,
        1,
        9,
        1,
        null,
        null,
        null,
        null,
        1,
        1,
        null,
        1,
        1,
        1,
        1,
        1,
        1,
        null,
        null,
        null,
        1,
        1,
        9,
        1,
        null,
        null,
        null,
        null,
        1,
        1,
        1,
        9,
        9,
        9,
        null,
        null,
        null,
        1,
        1,
        null,
        1,
        null,
        1,
        1,
        1,
        null,
        1,
        null,
        1,
        1,
        null,
        null,
        null,
        1,
        1,
        9,
        1,
        null,
        null,
        null,
        null,
        null,
        1,
        1,
        null,
        null,
        1,
        1,
        1,
        1,
        1,
        1,
        1,
        null,
        null,
        null,
        1,
        1,
        9,
        1,
        null,
        null,
        null,
        null,
        1,
        1,
        null,
        1,
        null,
        3,
        1,
        null,
        null,
        1,
        null,
        3,
        1,
        null,
        null,
        null
      ],
      "/Users/blanchma/play/codetailors/with_model/lib/with_model/base.rb": [
        1,
        1,
        1,
        1,
        1,
        1,
        null,
        null,
        null,
        null
      ]
    },
    "timestamp": 1365815703
  }
}
